[GIN-debug] [WARNING] Creating an Engine instance with the Logger and Recovery middleware already attached.

[GIN-debug] [WARNING] Running in "debug" mode. Switch to "release" mode in production.
 - using env:	export GIN_MODE=release
 - using code:	gin.SetMode(gin.ReleaseMode)

[GIN-debug] GET    /static/*filepath         --> github.com/gin-gonic/gin.(*RouterGroup).createStaticHandler.func1 (4 handlers)
[GIN-debug] HEAD   /static/*filepath         --> github.com/gin-gonic/gin.(*RouterGroup).createStaticHandler.func1 (4 handlers)
[GIN-debug] Loaded HTML Templates (3): 
	- 
	- dashboard.html
	- login.html

[GIN-debug] GET    /health                   --> main.main.func1 (4 handlers)
[GIN-debug] GET    /debug/cloudinary         --> main.main.func2 (4 handlers)
[GIN-debug] GET    /admin/login              --> main.main.func3 (4 handlers)
[GIN-debug] GET    /admin/dashboard          --> main.main.func4 (5 handlers)
[GIN-debug] POST   /api/v1/auth/login        --> playtz-api/handlers.Login (4 handlers)
[GIN-debug] POST   /api/v1/auth/logout       --> playtz-api/handlers.Logout (4 handlers)
[GIN-debug] GET    /api/v1/auth/me           --> playtz-api/handlers.GetCurrentUser (5 handlers)
[GIN-debug] POST   /api/v1/auth/change-password --> playtz-api/handlers.ChangePassword (5 handlers)
[GIN-debug] GET    /api/v1/admin/dashboard   --> playtz-api/handlers.GetAdminDashboard (5 handlers)
[GIN-debug] GET    /api/v1/news              --> playtz-api/handlers.GetNews (4 handlers)
[GIN-debug] POST   /api/v1/news              --> playtz-api/handlers.CreateNews (4 handlers)
[GIN-debug] GET    /api/v1/news/:id          --> playtz-api/handlers.GetNewsByID (4 handlers)
[GIN-debug] PUT    /api/v1/news/:id          --> playtz-api/handlers.UpdateNews (4 handlers)
[GIN-debug] DELETE /api/v1/news/:id          --> playtz-api/handlers.DeleteNews (4 handlers)
[GIN-debug] GET    /api/v1/events            --> playtz-api/handlers.GetEvents (4 handlers)
[GIN-debug] POST   /api/v1/events            --> playtz-api/handlers.CreateEvent (4 handlers)
[GIN-debug] GET    /api/v1/events/:id        --> playtz-api/handlers.GetEventByID (4 handlers)
[GIN-debug] PUT    /api/v1/events/:id        --> playtz-api/handlers.UpdateEvent (4 handlers)
[GIN-debug] DELETE /api/v1/events/:id        --> playtz-api/handlers.DeleteEvent (4 handlers)
[GIN-debug] GET    /api/v1/merch             --> playtz-api/handlers.GetMerch (4 handlers)
[GIN-debug] POST   /api/v1/merch             --> playtz-api/handlers.CreateMerch (4 handlers)
[GIN-debug] GET    /api/v1/merch/:id         --> playtz-api/handlers.GetMerchByID (4 handlers)
[GIN-debug] PUT    /api/v1/merch/:id         --> playtz-api/handlers.UpdateMerch (4 handlers)
[GIN-debug] DELETE /api/v1/merch/:id         --> playtz-api/handlers.DeleteMerch (4 handlers)
[GIN-debug] GET    /api/v1/careers           --> playtz-api/handlers.GetCareers (4 handlers)
[GIN-debug] POST   /api/v1/careers           --> playtz-api/handlers.CreateCareer (4 handlers)
[GIN-debug] GET    /api/v1/careers/:id       --> playtz-api/handlers.GetCareerByID (4 handlers)
[GIN-debug] PUT    /api/v1/careers/:id       --> playtz-api/handlers.UpdateCareer (4 handlers)
[GIN-debug] DELETE /api/v1/careers/:id       --> playtz-api/handlers.DeleteCareer (4 handlers)
[GIN-debug] GET    /api/v1/cart              --> playtz-api/handlers.GetCart (4 handlers)
[GIN-debug] POST   /api/v1/cart/add          --> playtz-api/handlers.AddToCart (4 handlers)
[GIN-debug] PUT    /api/v1/cart/update       --> playtz-api/handlers.UpdateCartItem (4 handlers)
[GIN-debug] DELETE /api/v1/cart/remove       --> playtz-api/handlers.RemoveFromCart (4 handlers)
[GIN-debug] DELETE /api/v1/cart/clear        --> playtz-api/handlers.ClearCart (4 handlers)
[GIN-debug] POST   /api/v1/checkout          --> playtz-api/handlers.CreateOrder (4 handlers)
[GIN-debug] GET    /api/v1/orders            --> playtz-api/handlers.GetOrders (4 handlers)
[GIN-debug] GET    /api/v1/orders/:id        --> playtz-api/handlers.GetOrder (4 handlers)
[GIN-debug] PUT    /api/v1/orders/:id/status --> playtz-api/handlers.UpdateOrderStatus (4 handlers)
[GIN-debug] GET    /api/v1/rooms             --> playtz-api/handlers.GetRooms (4 handlers)
[GIN-debug] POST   /api/v1/rooms             --> playtz-api/handlers.CreateRoom (4 handlers)
[GIN-debug] GET    /api/v1/rooms/:id         --> playtz-api/handlers.GetRoomByID (4 handlers)
[GIN-debug] PUT    /api/v1/rooms/:id         --> playtz-api/handlers.UpdateRoom (4 handlers)
[GIN-debug] DELETE /api/v1/rooms/:id         --> playtz-api/handlers.DeleteRoom (4 handlers)
[GIN-debug] GET    /api/v1/mixes             --> playtz-api/handlers.GetMixes (4 handlers)
[GIN-debug] POST   /api/v1/mixes             --> playtz-api/handlers.CreateMix (4 handlers)
[GIN-debug] GET    /api/v1/mixes/:id         --> playtz-api/handlers.GetMixByID (4 handlers)
[GIN-debug] PUT    /api/v1/mixes/:id         --> playtz-api/handlers.UpdateMix (4 handlers)
[GIN-debug] DELETE /api/v1/mixes/:id         --> playtz-api/handlers.DeleteMix (4 handlers)
[GIN-debug] POST   /api/v1/mixes/:id/tracks  --> playtz-api/handlers.AddTrackToMix (4 handlers)
[GIN-debug] POST   /api/v1/mixes/:id/tracks/bulk --> playtz-api/handlers.AddTracksToMix (4 handlers)
[GIN-debug] DELETE /api/v1/mixes/:id/tracks  --> playtz-api/handlers.RemoveTrackFromMix (4 handlers)
[GIN-debug] POST   /api/v1/upload            --> playtz-api/handlers.UploadImage (4 handlers)
[GIN-debug] POST   /api/v1/upload/multiple   --> playtz-api/handlers.UploadMultipleImages (4 handlers)
[GIN-debug] GET    /api/v1/users             --> playtz-api/handlers.GetUsers (4 handlers)
[GIN-debug] POST   /api/v1/users             --> playtz-api/handlers.CreateUser (4 handlers)
[GIN-debug] GET    /api/v1/users/:id         --> playtz-api/handlers.GetUserByID (4 handlers)
[GIN-debug] PUT    /api/v1/users/:id         --> playtz-api/handlers.UpdateUser (4 handlers)
[GIN-debug] DELETE /api/v1/users/:id         --> playtz-api/handlers.DeleteUser (4 handlers)
[GIN-debug] PUT    /api/v1/users/:id/role    --> playtz-api/handlers.UpdateUserRole (4 handlers)
[GIN-debug] GET    /api/v1/roles             --> playtz-api/handlers.GetRoles (4 handlers)
[GIN-debug] POST   /api/v1/roles             --> playtz-api/handlers.CreateRole (4 handlers)
[GIN-debug] GET    /api/v1/roles/:id         --> playtz-api/handlers.GetRoleByID (4 handlers)
[GIN-debug] PUT    /api/v1/roles/:id         --> playtz-api/handlers.UpdateRole (4 handlers)
[GIN-debug] DELETE /api/v1/roles/:id         --> playtz-api/handlers.DeleteRole (4 handlers)
🚀 Server starting on port 8080
✅ Health check available at http://0.0.0.0:8080/health
[GIN-debug] [WARNING] You trusted all proxies, this is NOT safe. We recommend you to set a value.
Please check https://github.com/gin-gonic/gin/blob/master/docs/doc.md#dont-trust-all-proxies for details.
[GIN-debug] Listening and serving HTTP on :8080
[GIN-debug] [ERROR] listen tcp :8080: bind: address already in use
FATAL: Server failed to star[GIN] 2026/01/01 - 07:23:42 | 200 |       103.5µs |             ::1 | GET      "/health"
[GIN] 2026/01/01 - 07:26:26 | 200 |      23.083µs |             ::1 | GET      "/health"
[GIN] 2026/01/01 - 07:26:28 | 200 |  201.785375ms |             ::1 | GET      "/api/v1/users"
[GIN] 2026/01/01 - 07:26:31 | 200 |  474.739042ms |             ::1 | POST     "/api/v1/auth/login"
[GIN] 2026/01/01 - 07:26:36 | 200 |  403.785583ms |             ::1 | GET      "/api/v1/auth/me"
[GIN] 2026/01/01 - 07:26:40 | 200 |  2.814715375s |             ::1 | GET      "/api/v1/admin/dashboard"
[GIN] 2026/01/01 - 07:27:09 | 200 |      55.208µs |             ::1 | GET      "/health"
[GIN] 2026/01/01 - 07:27:10 | 200 |  495.900209ms |             ::1 | POST     "/api/v1/auth/login"
[GIN] 2026/01/01 - 07:27:10 | 200 |  402.750208ms |             ::1 | GET      "/api/v1/auth/me"
[GIN] 2026/01/01 - 07:27:13 | 200 |  2.805481625s |             ::1 | GET      "/api/v1/admin/dashboard"
[GIN] 2026/01/01 - 07:27:13 | 200 |       48.25µs |             ::1 | POST     "/api/v1/auth/logout"
[GIN] 2026/01/01 - 07:29:31 | 200 |  204.478125ms |             ::1 | GET      "/api/v1/rooms"
[GIN] 2026/01/01 - 07:29:31 | 200 |  198.868791ms |             ::1 | GET      "/api/v1/rooms"
[GIN] 2026/01/01 - 07:29:34 | 200 |  3.300699333s |             ::1 | GET      "/api/v1/mixes"
[GIN] 2026/01/01 - 07:29:35 | 200 |  1.405243209s |             ::1 | GET      "/api/v1/mixes"
[GIN] 2026/01/01 - 07:30:14 | 401 |      59.542µs |             ::1 | GET      "/api/v1/auth/me"
[GIN] 2026/01/01 - 07:30:14 | 401 |       7.125µs |             ::1 | GET      "/api/v1/auth/me"
[GIN] 2026/01/01 - 07:30:14 | 401 |       7.625µs |             ::1 | GET      "/api/v1/auth/me"
[GIN] 2026/01/01 - 07:30:14 | 401 |      98.209µs |             ::1 | GET      "/api/v1/auth/me"
[GIN] 2026/01/01 - 07:30:14 | 401 |      13.291µs |             ::1 | GET      "/api/v1/auth/me"
[GIN] 2026/01/01 - 07:30:14 | 401 |      23.541µs |             ::1 | GET      "/api/v1/auth/me"
[GIN] 2026/01/01 - 07:30:14 | 401 |      26.625µs |             ::1 | GET      "/api/v1/auth/me"
[GIN] 2026/01/01 - 07:30:14 | 401 |        11.5µs |             ::1 | GET      "/api/v1/auth/me"
[GIN] 2026/01/01 - 07:32:04 | 204 |     131.458µs |             ::1 | OPTIONS  "/api/v1/auth/login"
[GIN] 2026/01/01 - 07:32:32 | 401 |      16.041µs |             ::1 | GET      "/api/v1/auth/me"
[GIN] 2026/01/01 - 07:32:32 | 401 |       33.25µs |             ::1 | GET      "/api/v1/auth/me"
[GIN] 2026/01/01 - 07:32:32 | 401 |       4.083µs |             ::1 | GET      "/api/v1/auth/me"
[GIN] 2026/01/01 - 07:32:32 | 401 |        7.75µs |             ::1 | GET      "/api/v1/auth/me"
[GIN] 2026/01/01 - 07:32:32 | 401 |       5.458µs |             ::1 | GET      "/api/v1/auth/me"
[GIN] 2026/01/01 - 07:32:32 | 401 |        38.5µs |             ::1 | GET      "/api/v1/auth/me"
[GIN] 2026/01/01 - 07:32:47 | 204 |      11.375µs |             ::1 | OPTIONS  "/api/v1/auth/login"
[GIN] 2026/01/01 - 07:39:59 | 204 |      44.542µs |             ::1 | OPTIONS  "/api/v1/auth/me"
[GIN] 2026/01/01 - 07:40:01 | 401 |       75.75µs |             ::1 | GET      "/api/v1/auth/me"
[GIN] 2026/01/01 - 07:57:24 | 200 |  205.588084ms |             ::1 | GET      "/api/v1/users"
[GIN] 2026/01/01 - 08:05:15 | 200 |  500.086167ms |             ::1 | POST     "/api/v1/auth/login"
[GIN] 2026/01/01 - 13:58:42 | 200 |  2.444411542s |             ::1 | POST     "/api/v1/auth/login"
[GIN] 2026/01/01 - 13:58:57 | 200 |   511.45175ms |             ::1 | POST     "/api/v1/auth/login"
